<?xml version="1.0" encoding="UTF-8"?>
<coverage generated="1772354069277" clover="3.2.0">
  <project timestamp="1772354069277" name="All files">
    <metrics statements="66" coveredstatements="66" conditionals="45" coveredconditionals="40" methods="10" coveredmethods="10" elements="121" coveredelements="116" complexity="0" loc="66" ncloc="66" packages="1" files="1" classes="1"/>
    <file name="arbitrageEngine.ts" path="/home/runner/work/arbitrage-bot/arbitrage-bot/src/modules/arbitrageEngine.ts">
      <metrics statements="66" coveredstatements="66" conditionals="45" coveredconditionals="40" methods="10" coveredmethods="10"/>
      <line num="3" count="1" type="stmt"/>
      <line num="45" count="1" type="stmt"/>
      <line num="49" count="25" type="stmt"/>
      <line num="60" count="3" type="stmt"/>
      <line num="61" count="3" type="cond" truecount="2" falsecount="0"/>
      <line num="65" count="3" type="stmt"/>
      <line num="74" count="13" type="stmt"/>
      <line num="77" count="13" type="stmt"/>
      <line num="78" count="13" type="stmt"/>
      <line num="79" count="28" type="cond" truecount="2" falsecount="0"/>
      <line num="80" count="14" type="stmt"/>
      <line num="82" count="28" type="stmt"/>
      <line num="85" count="13" type="stmt"/>
      <line num="86" count="14" type="stmt"/>
      <line num="87" count="14" type="cond" truecount="1" falsecount="1"/>
      <line num="89" count="14" type="stmt"/>
      <line num="90" count="28" type="stmt"/>
      <line num="91" count="56" type="cond" truecount="2" falsecount="0"/>
      <line num="93" count="28" type="stmt"/>
      <line num="94" count="28" type="stmt"/>
      <line num="96" count="28" type="cond" truecount="4" falsecount="0"/>
      <line num="99" count="26" type="stmt"/>
      <line num="100" count="26" type="stmt"/>
      <line num="101" count="26" type="stmt"/>
      <line num="103" count="26" type="cond" truecount="2" falsecount="0"/>
      <line num="105" count="10" type="stmt"/>
      <line num="107" count="10" type="stmt"/>
      <line num="108" count="10" type="stmt"/>
      <line num="110" count="10" type="cond" truecount="2" falsecount="0"/>
      <line num="112" count="7" type="stmt"/>
      <line num="128" count="13" type="stmt"/>
      <line num="140" count="6" type="stmt"/>
      <line num="141" count="6" type="stmt"/>
      <line num="143" count="6" type="stmt"/>
      <line num="144" count="18" type="stmt"/>
      <line num="145" count="54" type="cond" truecount="2" falsecount="0"/>
      <line num="147" count="36" type="cond" truecount="2" falsecount="0"/>
      <line num="149" count="18" type="stmt"/>
      <line num="150" count="54" type="cond" truecount="4" falsecount="0"/>
      <line num="152" count="18" type="cond" truecount="1" falsecount="1"/>
      <line num="153" count="18" type="cond" truecount="1" falsecount="1"/>
      <line num="155" count="18" type="stmt"/>
      <line num="156" count="18" type="stmt"/>
      <line num="157" count="18" type="stmt"/>
      <line num="159" count="18" type="cond" truecount="4" falsecount="1"/>
      <line num="161" count="18" type="stmt"/>
      <line num="162" count="18" type="cond" truecount="2" falsecount="0"/>
      <line num="164" count="12" type="stmt"/>
      <line num="167" count="12" type="stmt"/>
      <line num="172" count="12" type="stmt"/>
      <line num="173" count="12" type="stmt"/>
      <line num="175" count="12" type="cond" truecount="1" falsecount="1"/>
      <line num="177" count="12" type="stmt"/>
      <line num="178" count="12" type="stmt"/>
      <line num="184" count="12" type="stmt"/>
      <line num="204" count="6" type="stmt"/>
      <line num="212" count="6" type="stmt"/>
      <line num="213" count="13" type="stmt"/>
      <line num="214" count="8" type="stmt"/>
      <line num="226" count="25" type="stmt"/>
      <line num="238" count="56" type="cond" truecount="5" falsecount="0"/>
      <line num="240" count="4" type="stmt"/>
      <line num="244" count="52" type="stmt"/>
      <line num="252" count="22" type="cond" truecount="2" falsecount="0"/>
      <line num="253" count="21" type="stmt"/>
      <line num="260" count="1" type="stmt"/>
    </file>
  </project>
</coverage>
