{"/home/runner/work/arbitrage-bot/arbitrage-bot/src/modules/arbitrageEngine.ts": {"path":"/home/runner/work/arbitrage-bot/arbitrage-bot/src/modules/arbitrageEngine.ts","statementMap":{"0":{"start":{"line":3,"column":0},"end":{"line":3,"column":33}},"1":{"start":{"line":49,"column":8},"end":{"line":49,"column":29}},"2":{"start":{"line":60,"column":30},"end":{"line":60,"column":78}},"3":{"start":{"line":61,"column":27},"end":{"line":63,"column":16}},"4":{"start":{"line":65,"column":8},"end":{"line":65,"column":82}},"5":{"start":{"line":74,"column":51},"end":{"line":74,"column":53}},"6":{"start":{"line":77,"column":51},"end":{"line":77,"column":53}},"7":{"start":{"line":78,"column":8},"end":{"line":83,"column":9}},"8":{"start":{"line":79,"column":12},"end":{"line":81,"column":13}},"9":{"start":{"line":80,"column":16},"end":{"line":80,"column":37}},"10":{"start":{"line":82,"column":12},"end":{"line":82,"column":37}},"11":{"start":{"line":85,"column":8},"end":{"line":126,"column":9}},"12":{"start":{"line":86,"column":28},"end":{"line":86,"column":40}},"13":{"start":{"line":87,"column":12},"end":{"line":87,"column":45}},"14":{"start":{"line":87,"column":36},"end":{"line":87,"column":45}},"15":{"start":{"line":89,"column":12},"end":{"line":125,"column":13}},"16":{"start":{"line":89,"column":25},"end":{"line":89,"column":26}},"17":{"start":{"line":90,"column":16},"end":{"line":124,"column":17}},"18":{"start":{"line":90,"column":29},"end":{"line":90,"column":30}},"19":{"start":{"line":91,"column":20},"end":{"line":91,"column":42}},"20":{"start":{"line":91,"column":33},"end":{"line":91,"column":42}},"21":{"start":{"line":93,"column":40},"end":{"line":93,"column":50}},"22":{"start":{"line":94,"column":41},"end":{"line":94,"column":51}},"23":{"start":{"line":96,"column":20},"end":{"line":96,"column":84}},"24":{"start":{"line":96,"column":75},"end":{"line":96,"column":84}},"25":{"start":{"line":99,"column":37},"end":{"line":99,"column":67}},"26":{"start":{"line":100,"column":38},"end":{"line":100,"column":69}},"27":{"start":{"line":101,"column":40},"end":{"line":101,"column":90}},"28":{"start":{"line":103,"column":20},"end":{"line":103,"column":51}},"29":{"start":{"line":103,"column":42},"end":{"line":103,"column":51}},"30":{"start":{"line":105,"column":41},"end":{"line":106,"column":59}},"31":{"start":{"line":107,"column":36},"end":{"line":107,"column":56}},"32":{"start":{"line":108,"column":38},"end":{"line":108,"column":97}},"33":{"start":{"line":110,"column":20},"end":{"line":110,"column":77}},"34":{"start":{"line":110,"column":68},"end":{"line":110,"column":77}},"35":{"start":{"line":112,"column":20},"end":{"line":123,"column":23}},"36":{"start":{"line":128,"column":8},"end":{"line":128,"column":29}},"37":{"start":{"line":140,"column":51},"end":{"line":140,"column":53}},"38":{"start":{"line":141,"column":18},"end":{"line":141,"column":38}},"39":{"start":{"line":143,"column":8},"end":{"line":202,"column":9}},"40":{"start":{"line":143,"column":21},"end":{"line":143,"column":22}},"41":{"start":{"line":144,"column":12},"end":{"line":201,"column":13}},"42":{"start":{"line":144,"column":25},"end":{"line":144,"column":26}},"43":{"start":{"line":145,"column":16},"end":{"line":145,"column":38}},"44":{"start":{"line":145,"column":29},"end":{"line":145,"column":38}},"45":{"start":{"line":147,"column":16},"end":{"line":147,"column":86}},"46":{"start":{"line":147,"column":77},"end":{"line":147,"column":86}},"47":{"start":{"line":149,"column":16},"end":{"line":200,"column":17}},"48":{"start":{"line":149,"column":29},"end":{"line":149,"column":30}},"49":{"start":{"line":150,"column":20},"end":{"line":150,"column":53}},"50":{"start":{"line":150,"column":44},"end":{"line":150,"column":53}},"51":{"start":{"line":152,"column":20},"end":{"line":152,"column":90}},"52":{"start":{"line":152,"column":81},"end":{"line":152,"column":90}},"53":{"start":{"line":153,"column":20},"end":{"line":153,"column":90}},"54":{"start":{"line":153,"column":81},"end":{"line":153,"column":90}},"55":{"start":{"line":155,"column":34},"end":{"line":155,"column":68}},"56":{"start":{"line":156,"column":34},"end":{"line":156,"column":68}},"57":{"start":{"line":157,"column":34},"end":{"line":157,"column":68}},"58":{"start":{"line":159,"column":20},"end":{"line":159,"column":79}},"59":{"start":{"line":159,"column":70},"end":{"line":159,"column":79}},"60":{"start":{"line":161,"column":36},"end":{"line":161,"column":63}},"61":{"start":{"line":162,"column":20},"end":{"line":162,"column":49}},"62":{"start":{"line":162,"column":40},"end":{"line":162,"column":49}},"63":{"start":{"line":164,"column":40},"end":{"line":164,"column":67}},"64":{"start":{"line":167,"column":24},"end":{"line":169,"column":63}},"65":{"start":{"line":172,"column":36},"end":{"line":172,"column":57}},"66":{"start":{"line":173,"column":38},"end":{"line":173,"column":97}},"67":{"start":{"line":175,"column":20},"end":{"line":175,"column":77}},"68":{"start":{"line":175,"column":68},"end":{"line":175,"column":77}},"69":{"start":{"line":177,"column":38},"end":{"line":177,"column":125}},"70":{"start":{"line":178,"column":46},"end":{"line":182,"column":22}},"71":{"start":{"line":184,"column":20},"end":{"line":199,"column":23}},"72":{"start":{"line":204,"column":8},"end":{"line":204,"column":29}},"73":{"start":{"line":212,"column":8},"end":{"line":214,"column":55}},"74":{"start":{"line":213,"column":27},"end":{"line":213,"column":72}},"75":{"start":{"line":214,"column":28},"end":{"line":214,"column":53}},"76":{"start":{"line":226,"column":8},"end":{"line":229,"column":24}},"77":{"start":{"line":238,"column":8},"end":{"line":243,"column":9}},"78":{"start":{"line":240,"column":12},"end":{"line":242,"column":28}},"79":{"start":{"line":244,"column":8},"end":{"line":244,"column":47}},"80":{"start":{"line":252,"column":8},"end":{"line":252,"column":54}},"81":{"start":{"line":252,"column":45},"end":{"line":252,"column":54}},"82":{"start":{"line":253,"column":8},"end":{"line":256,"column":24}},"83":{"start":{"line":45,"column":0},"end":{"line":45,"column":13}},"84":{"start":{"line":260,"column":0},"end":{"line":260,"column":31}}},"fnMap":{"0":{"name":"(anonymous_1)","decl":{"start":{"line":48,"column":4},"end":{"line":48,"column":16}},"loc":{"start":{"line":48,"column":45},"end":{"line":50,"column":5}}},"1":{"name":"(anonymous_2)","decl":{"start":{"line":56,"column":11},"end":{"line":56,"column":30}},"loc":{"start":{"line":58,"column":38},"end":{"line":66,"column":5}}},"2":{"name":"(anonymous_3)","decl":{"start":{"line":73,"column":11},"end":{"line":73,"column":43}},"loc":{"start":{"line":73,"column":65},"end":{"line":129,"column":5}}},"3":{"name":"(anonymous_4)","decl":{"start":{"line":139,"column":11},"end":{"line":139,"column":40}},"loc":{"start":{"line":139,"column":70},"end":{"line":205,"column":5}}},"4":{"name":"(anonymous_5)","decl":{"start":{"line":211,"column":11},"end":{"line":211,"column":37}},"loc":{"start":{"line":211,"column":72},"end":{"line":215,"column":5}}},"5":{"name":"(anonymous_6)","decl":{"start":{"line":213,"column":20},"end":{"line":213,"column":21}},"loc":{"start":{"line":213,"column":27},"end":{"line":213,"column":72}}},"6":{"name":"(anonymous_7)","decl":{"start":{"line":214,"column":18},"end":{"line":214,"column":19}},"loc":{"start":{"line":214,"column":28},"end":{"line":214,"column":53}}},"7":{"name":"(anonymous_8)","decl":{"start":{"line":221,"column":11},"end":{"line":221,"column":29}},"loc":{"start":{"line":224,"column":28},"end":{"line":230,"column":5}}},"8":{"name":"(anonymous_9)","decl":{"start":{"line":237,"column":12},"end":{"line":237,"column":28}},"loc":{"start":{"line":237,"column":58},"end":{"line":245,"column":5}}},"9":{"name":"(anonymous_10)","decl":{"start":{"line":251,"column":12},"end":{"line":251,"column":25}},"loc":{"start":{"line":251,"column":42},"end":{"line":257,"column":5}}}},"branchMap":{"0":{"loc":{"start":{"line":61,"column":27},"end":{"line":63,"column":16}},"type":"cond-expr","locations":[{"start":{"line":62,"column":14},"end":{"line":62,"column":63}},{"start":{"line":63,"column":14},"end":{"line":63,"column":16}}]},"1":{"loc":{"start":{"line":79,"column":12},"end":{"line":81,"column":13}},"type":"if","locations":[{"start":{"line":79,"column":12},"end":{"line":81,"column":13}},{"start":{},"end":{}}]},"2":{"loc":{"start":{"line":87,"column":12},"end":{"line":87,"column":45}},"type":"if","locations":[{"start":{"line":87,"column":12},"end":{"line":87,"column":45}},{"start":{},"end":{}}]},"3":{"loc":{"start":{"line":91,"column":20},"end":{"line":91,"column":42}},"type":"if","locations":[{"start":{"line":91,"column":20},"end":{"line":91,"column":42}},{"start":{},"end":{}}]},"4":{"loc":{"start":{"line":96,"column":20},"end":{"line":96,"column":84}},"type":"if","locations":[{"start":{"line":96,"column":20},"end":{"line":96,"column":84}},{"start":{},"end":{}}]},"5":{"loc":{"start":{"line":96,"column":24},"end":{"line":96,"column":73}},"type":"binary-expr","locations":[{"start":{"line":96,"column":24},"end":{"line":96,"column":46}},{"start":{"line":96,"column":50},"end":{"line":96,"column":73}}]},"6":{"loc":{"start":{"line":103,"column":20},"end":{"line":103,"column":51}},"type":"if","locations":[{"start":{"line":103,"column":20},"end":{"line":103,"column":51}},{"start":{},"end":{}}]},"7":{"loc":{"start":{"line":110,"column":20},"end":{"line":110,"column":77}},"type":"if","locations":[{"start":{"line":110,"column":20},"end":{"line":110,"column":77}},{"start":{},"end":{}}]},"8":{"loc":{"start":{"line":145,"column":16},"end":{"line":145,"column":38}},"type":"if","locations":[{"start":{"line":145,"column":16},"end":{"line":145,"column":38}},{"start":{},"end":{}}]},"9":{"loc":{"start":{"line":147,"column":16},"end":{"line":147,"column":86}},"type":"if","locations":[{"start":{"line":147,"column":16},"end":{"line":147,"column":86}},{"start":{},"end":{}}]},"10":{"loc":{"start":{"line":150,"column":20},"end":{"line":150,"column":53}},"type":"if","locations":[{"start":{"line":150,"column":20},"end":{"line":150,"column":53}},{"start":{},"end":{}}]},"11":{"loc":{"start":{"line":150,"column":24},"end":{"line":150,"column":42}},"type":"binary-expr","locations":[{"start":{"line":150,"column":24},"end":{"line":150,"column":31}},{"start":{"line":150,"column":35},"end":{"line":150,"column":42}}]},"12":{"loc":{"start":{"line":152,"column":20},"end":{"line":152,"column":90}},"type":"if","locations":[{"start":{"line":152,"column":20},"end":{"line":152,"column":90}},{"start":{},"end":{}}]},"13":{"loc":{"start":{"line":153,"column":20},"end":{"line":153,"column":90}},"type":"if","locations":[{"start":{"line":153,"column":20},"end":{"line":153,"column":90}},{"start":{},"end":{}}]},"14":{"loc":{"start":{"line":159,"column":20},"end":{"line":159,"column":79}},"type":"if","locations":[{"start":{"line":159,"column":20},"end":{"line":159,"column":79}},{"start":{},"end":{}}]},"15":{"loc":{"start":{"line":159,"column":24},"end":{"line":159,"column":68}},"type":"binary-expr","locations":[{"start":{"line":159,"column":24},"end":{"line":159,"column":36}},{"start":{"line":159,"column":40},"end":{"line":159,"column":52}},{"start":{"line":159,"column":56},"end":{"line":159,"column":68}}]},"16":{"loc":{"start":{"line":162,"column":20},"end":{"line":162,"column":49}},"type":"if","locations":[{"start":{"line":162,"column":20},"end":{"line":162,"column":49}},{"start":{},"end":{}}]},"17":{"loc":{"start":{"line":175,"column":20},"end":{"line":175,"column":77}},"type":"if","locations":[{"start":{"line":175,"column":20},"end":{"line":175,"column":77}},{"start":{},"end":{}}]},"18":{"loc":{"start":{"line":238,"column":8},"end":{"line":243,"column":9}},"type":"if","locations":[{"start":{"line":238,"column":8},"end":{"line":243,"column":9}},{"start":{},"end":{}}]},"19":{"loc":{"start":{"line":238,"column":12},"end":{"line":238,"column":84}},"type":"binary-expr","locations":[{"start":{"line":238,"column":12},"end":{"line":238,"column":27}},{"start":{"line":238,"column":31},"end":{"line":238,"column":50}},{"start":{"line":238,"column":54},"end":{"line":238,"column":84}}]},"20":{"loc":{"start":{"line":251,"column":26},"end":{"line":251,"column":42}},"type":"default-arg","locations":[{"start":{"line":251,"column":41},"end":{"line":251,"column":42}}]},"21":{"loc":{"start":{"line":252,"column":8},"end":{"line":252,"column":54}},"type":"if","locations":[{"start":{"line":252,"column":8},"end":{"line":252,"column":54}},{"start":{},"end":{}}]}},"s":{"0":1,"1":25,"2":3,"3":3,"4":3,"5":13,"6":13,"7":13,"8":28,"9":14,"10":28,"11":13,"12":14,"13":14,"14":0,"15":14,"16":14,"17":28,"18":28,"19":56,"20":28,"21":28,"22":28,"23":28,"24":2,"25":26,"26":26,"27":26,"28":26,"29":16,"30":10,"31":10,"32":10,"33":10,"34":3,"35":7,"36":13,"37":6,"38":6,"39":6,"40":6,"41":18,"42":18,"43":54,"44":18,"45":36,"46":18,"47":18,"48":18,"49":54,"50":36,"51":18,"52":0,"53":18,"54":0,"55":18,"56":18,"57":18,"58":18,"59":0,"60":18,"61":18,"62":6,"63":12,"64":12,"65":12,"66":12,"67":12,"68":0,"69":12,"70":12,"71":12,"72":6,"73":6,"74":13,"75":8,"76":25,"77":56,"78":4,"79":52,"80":22,"81":1,"82":21,"83":1,"84":1},"f":{"0":25,"1":3,"2":13,"3":6,"4":6,"5":13,"6":8,"7":25,"8":56,"9":22},"b":{"0":[1,2],"1":[14,14],"2":[0,14],"3":[28,28],"4":[2,26],"5":[28,27],"6":[16,10],"7":[3,7],"8":[18,36],"9":[18,18],"10":[36,18],"11":[54,36],"12":[0,18],"13":[0,18],"14":[0,18],"15":[18,18,18],"16":[6,12],"17":[0,12],"18":[4,52],"19":[56,4,4],"20":[10],"21":[1,21]}}
}
