TN:
SF:src/modules/arbitrageEngine.ts
FN:48,(anonymous_1)
FN:56,(anonymous_2)
FN:73,(anonymous_3)
FN:139,(anonymous_4)
FN:211,(anonymous_5)
FN:213,(anonymous_6)
FN:214,(anonymous_7)
FN:221,(anonymous_8)
FN:237,(anonymous_9)
FN:251,(anonymous_10)
FNF:10
FNH:10
FNDA:25,(anonymous_1)
FNDA:3,(anonymous_2)
FNDA:13,(anonymous_3)
FNDA:6,(anonymous_4)
FNDA:6,(anonymous_5)
FNDA:13,(anonymous_6)
FNDA:8,(anonymous_7)
FNDA:25,(anonymous_8)
FNDA:56,(anonymous_9)
FNDA:22,(anonymous_10)
DA:3,1
DA:45,1
DA:49,25
DA:60,3
DA:61,3
DA:65,3
DA:74,13
DA:77,13
DA:78,13
DA:79,28
DA:80,14
DA:82,28
DA:85,13
DA:86,14
DA:87,14
DA:89,14
DA:90,28
DA:91,56
DA:93,28
DA:94,28
DA:96,28
DA:99,26
DA:100,26
DA:101,26
DA:103,26
DA:105,10
DA:107,10
DA:108,10
DA:110,10
DA:112,7
DA:128,13
DA:140,6
DA:141,6
DA:143,6
DA:144,18
DA:145,54
DA:147,36
DA:149,18
DA:150,54
DA:152,18
DA:153,18
DA:155,18
DA:156,18
DA:157,18
DA:159,18
DA:161,18
DA:162,18
DA:164,12
DA:167,12
DA:172,12
DA:173,12
DA:175,12
DA:177,12
DA:178,12
DA:184,12
DA:204,6
DA:212,6
DA:213,13
DA:214,8
DA:226,25
DA:238,56
DA:240,4
DA:244,52
DA:252,22
DA:253,21
DA:260,1
LF:66
LH:66
BRDA:61,0,0,1
BRDA:61,0,1,2
BRDA:79,1,0,14
BRDA:79,1,1,14
BRDA:87,2,0,0
BRDA:87,2,1,14
BRDA:91,3,0,28
BRDA:91,3,1,28
BRDA:96,4,0,2
BRDA:96,4,1,26
BRDA:96,5,0,28
BRDA:96,5,1,27
BRDA:103,6,0,16
BRDA:103,6,1,10
BRDA:110,7,0,3
BRDA:110,7,1,7
BRDA:145,8,0,18
BRDA:145,8,1,36
BRDA:147,9,0,18
BRDA:147,9,1,18
BRDA:150,10,0,36
BRDA:150,10,1,18
BRDA:150,11,0,54
BRDA:150,11,1,36
BRDA:152,12,0,0
BRDA:152,12,1,18
BRDA:153,13,0,0
BRDA:153,13,1,18
BRDA:159,14,0,0
BRDA:159,14,1,18
BRDA:159,15,0,18
BRDA:159,15,1,18
BRDA:159,15,2,18
BRDA:162,16,0,6
BRDA:162,16,1,12
BRDA:175,17,0,0
BRDA:175,17,1,12
BRDA:238,18,0,4
BRDA:238,18,1,52
BRDA:238,19,0,56
BRDA:238,19,1,4
BRDA:238,19,2,4
BRDA:251,20,0,10
BRDA:252,21,0,1
BRDA:252,21,1,21
BRF:45
BRH:40
end_of_record
